0 info it worked if it ends with ok
1 verbose cli [ 'node', '/usr/local/bin/npm', 'run', 'phantom' ]
2 info using npm@2.0.0-beta.0
3 info using node@v0.10.31
4 verbose node symlink /usr/local/bin/node
5 verbose run-script [ 'prephantom', 'phantom', 'postphantom' ]
6 info prephantom karma@0.1.0
7 info phantom karma@0.1.0
8 verbose unsafe-perm in lifecycle true
9 info karma@0.1.0 Failed to exec phantom script
10 error karma@0.1.0 phantom: `mocha-phantomjs index.html`
10 error Exit status 255
11 error Failed at the karma@0.1.0 phantom script.
11 error This is most likely a problem with the karma package,
11 error not with npm itself.
11 error Tell the author that this fails on your system:
11 error     mocha-phantomjs index.html
11 error You can get their info via:
11 error     npm owner ls karma
11 error There is likely additional logging output above.
12 error System Darwin 14.1.0
13 error command "node" "/usr/local/bin/npm" "run" "phantom"
14 error cwd /Users/hanrui/work/bjhl/test/ut/ut-karma
15 error node -v v0.10.31
16 error npm -v 2.0.0-beta.0
17 error code ELIFECYCLE
18 verbose exit [ 1, true ]
